[CHAR] C
[CHAR] A
[CHAR] D
[CHAR] B
[CHAR] C
[CHAR] A
[CHAR] D
[CHAR] B
[CHAR] k
[CHAR] k
[CHAR] k
[CHAR] k
[CHAR] k
[CHAR] K
[CHAR] K
[CHAR] K
[CHAR] f
[CHAR] f
[CHAR] f
[CHAR]  
[CHAR]  
[CHAR]  
[CHAR]  
[CHAR] q
[CHAR] A
[CHAR] q
[CHAR] C
[CHAR] A
[CHAR] D
[CHAR] B
[CHAR] C
[CHAR] A
[CHAR] D
[CHAR] B
[CHAR] a
[CHAR] a
[CHAR] a
[CHAR] w
[CHAR] d
[CHAR] a
[CHAR] d
[CHAR] a
[CHAR] w
[CHAR] o
[CHAR] d
[CHAR] j
[CHAR] a
[CHAR] w
[CHAR] j
[CHAR] d
[CHAR] j
[CHAR] d
[CHAR] p
[CHAR] o
[CHAR] i
[CHAR] w
[CHAR] a
[CHAR] j
[CHAR] d
[CHAR]  
[CHAR]  
[CHAR]  
[CHAR]  
[CHAR] 9
[CHAR] 9
[CHAR] 8
[CHAR] 7
[CHAR] 6
[CHAR] 5
[CHAR] 4
[CHAR] =
[CHAR] -
[CHAR] _
[CHAR] _
[CHAR] ?
[CHAR] ?
[CHAR] ?
[CHAR] ?
[CHAR] ?
[CHAR] +
[CHAR] +
[CHAR] +
[CHAR] -
[CHAR] -
[CHAR] -
[CHAR] -
[CHAR] -
ESCAPE SEQUENCE
[CHAR] C
ESCAPE SEQUENCE
[CHAR] A
ESCAPE SEQUENCE
[CHAR] D
ESCAPE SEQUENCE
[CHAR] B
ESCAPE SEQUENCE
[CHAR] C
ESCAPE SEQUENCE
[CHAR] A
ESCAPE SEQUENCE
[CHAR] D
ESCAPE SEQUENCE
[CHAR] B
ESCAPE SEQUENCE
ESCAPE SEQUENCE
ESCAPE SEQUENCE
ESCAPE SEQUENCE
ESCAPE SEQUENCE
ESCAPE SEQUENCE
ESCAPE SEQUENCE
ESCAPE SEQUENCE
ESCAPE SEQUENCE
ESCAPE SEQUENCE
ESCAPE SEQUENCE
ESCAPE SEQUENCE
ESCAPE SEQUENCE
ESCAPE SEQUENCE
ESCAPE SEQUENCE
ESCAPE SEQUENCE
ESCAPE SEQUENCE
ESCAPE SEQUENCE
ESCAPE SEQUENCE
ESCAPE SEQUENCE
ESCAPE SEQUENCE
ESCAPE SEQUENCE
ESCAPE SEQUENCE
ESCAPE SEQUENCE
ESCAPE SEQUENCE
ESCAPE SEQUENCE
ESCAPE SEQUENCE
ESCAPE SEQUENCE
ESCAPE SEQUENCE
ESCAPE SEQUENCE
ESCAPE SEQUENCE
ESCAPE SEQUENCE
ESCAPE SEQUENCE
ESCAPE SEQUENCE
ESCAPE SEQUENCE
ESCAPE SEQUENCE
ESCAPE SEQUENCE
ESCAPE SEQUENCE
ESCAPE SEQUENCE
ESCAPE SEQUENCE
ESCAPE SEQUENCE
ESCAPE SEQUENCE
[CHAR] q
[CHAR] q
[CHAR] q
[CHAR] q
[CHAR] q
[CHAR] q
ESCAPE SEQUENCE
ESCAPE SEQUENCE
ESCAPE SEQUENCE
ESCAPE SEQUENCE
ESCAPE SEQUENCE
ESCAPE SEQUENCE
ESCAPE SEQUENCE
ESCAPE SEQUENCE
ESCAPE SEQUENCE
[CHAR] D
ESCAPE SEQUENCE
[CHAR] D
ESCAPE SEQUENCE
[CHAR] D
ESCAPE SEQUENCE
[CHAR] D
ESCAPE SEQUENCE
[CHAR] D
ESCAPE SEQUENCE
[CHAR] D
ESCAPE SEQUENCE
[CHAR] D
ESCAPE SEQUENCE
[CHAR] D
ESCAPE SEQUENCE
[CHAR] D
ESCAPE SEQUENCE
[CHAR] D
ESCAPE SEQUENCE
[CHAR] D
ESCAPE SEQUENCE
[CHAR] D
ESCAPE SEQUENCE
[CHAR] D
ESCAPE SEQUENCE
[CHAR] D
ESCAPE SEQUENCE
[CHAR] C
ESCAPE SEQUENCE
[CHAR] A
ESCAPE SEQUENCE
[CHAR] D
ESCAPE SEQUENCE
[CHAR] B
ESCAPE SEQUENCE
[CHAR] C
ESCAPE SEQUENCE
[CHAR] A
ESCAPE SEQUENCE
[CHAR] D
ESCAPE SEQUENCE
[CHAR] B
ESCAPE SEQUENCE
[CHAR] C
ESCAPE SEQUENCE
[CHAR] A
[CHAR] a
[CHAR] w
[CHAR] d
[CHAR] s
[CHAR] a
[CHAR] w
[CHAR] d
[CHAR] s
[CHAR] a
[CHAR] a
[CHAR] a
[CHAR] a
[CHAR] a
[CHAR] a
[CHAR] a
[CHAR] w
[CHAR] d
[CHAR] s
ESCAPE SEQUENCE
ESCAPE SEQUENCE
ESCAPE SEQUENCE
ESCAPE SEQUENCE
ESCAPE SEQUENCE
ESCAPE SEQUENCE
ESCAPE SEQUENCE
ESCAPE SEQUENCE
ESCAPE SEQUENCE
ESCAPE SEQUENCE
ESCAPE SEQUENCE
ESCAPE SEQUENCE
ESCAPE SEQUENCE
ESCAPE SEQUENCE
ESCAPE SEQUENCE
ESCAPE SEQUENCE
ESCAPE SEQUENCE
ESCAPE SEQUENCE
[CHAR] D
ESCAPE SEQUENCE
[CHAR] A
ESCAPE SEQUENCE
[CHAR] A
ESCAPE SEQUENCE
[CHAR] C
ESCAPE SEQUENCE
[CHAR] B
ESCAPE SEQUENCE
[CHAR] D
ESCAPE SEQUENCE
ESCAPE SEQUENCE
ESCAPE SEQUENCE
ESCAPE SEQUENCE
ESCAPE SEQUENCE
ESCAPE SEQUENCE
ESCAPE SEQUENCE<0;53;14M
ESCAPE SEQUENCE<0;53;14m
ESCAPE SEQUENCE<0;53;14M
ESCAPE SEQUENCE<0;53;14m
ESCAPE SEQUENCE<0;53;14M
ESCAPE SEQUENCE<0;53;14m
ESCAPE SEQUENCE<0;53;14M
ESCAPE SEQUENCE<0;53;14m
ESCAPE SEQUENCE<0;53;14M
ESCAPE SEQUENCE<0;53;14m
ESCAPE SEQUENCE<0;53;14M
ESCAPE SEQUENCE<0;53;14m
ESCAPE SEQUENCE<0;47;12M
ESCAPE SEQUENCE<0;47;12m
ESCAPE SEQUENCE<0;47;12M
ESCAPE SEQUENCE<0;47;12m
ESCAPE SEQUENCE<0;47;12M
ESCAPE SEQUENCE<0;47;12m
ESCAPE SEQUENCE<0;47;12M
ESCAPE SEQUENCE<0;47;12m
ESCAPE SEQUENCE<0;47;12M
ESCAPE SEQUENCE<0;47;12m
ESCAPE SEQUENCE[<0;28;19M
MOUSE SEQUENCE
[MOUSE] 28:19 button: 0 pressed: 1
ESCAPE SEQUENCE[<0;28;19m
MOUSE SEQUENCE
[MOUSE] 28:19 button: 0 pressed: 0
ESCAPE SEQUENCE[<0;63;22M
MOUSE SEQUENCE
[MOUSE] 63:22 button: 0 pressed: 1
ESCAPE SEQUENCE[<0;63;22m
MOUSE SEQUENCE
[MOUSE] 63:22 button: 0 pressed: 0
ESCAPE SEQUENCE[<2;89;19M
MOUSE SEQUENCE
[MOUSE] 89:19 button: 2 pressed: 1
ESCAPE SEQUENCE[<2;89;19m
MOUSE SEQUENCE
[MOUSE] 89:19 button: 2 pressed: 0
ESCAPE SEQUENCE[<1;89;19M[<1;89;19m
MOUSE SEQUENCE
[MOUSE] 89:19 button: 1 pressed: 1
ESCAPE SEQUENCE[<0;56;23M
MOUSE SEQUENCE
[MOUSE] 56:23 button: 0 pressed: 1
ESCAPE SEQUENCE[<0;56;23m
MOUSE SEQUENCE
[MOUSE] 56:23 button: 0 pressed: 0
ESCAPE SEQUENCE[<0;56;23M
MOUSE SEQUENCE
[MOUSE] 56:23 button: 0 pressed: 1
ESCAPE SEQUENCE[<0;56;23m
MOUSE SEQUENCE
[MOUSE] 56:23 button: 0 pressed: 0
ESCAPE SEQUENCE[<0;56;23M
MOUSE SEQUENCE
[MOUSE] 56:23 button: 0 pressed: 1
ESCAPE SEQUENCE[<0;56;23m
MOUSE SEQUENCE
[MOUSE] 56:23 button: 0 pressed: 0
ESCAPE SEQUENCE[<0;56;23M
MOUSE SEQUENCE
[MOUSE] 56:23 button: 0 pressed: 1
ESCAPE SEQUENCE[<0;56;23m
MOUSE SEQUENCE
[MOUSE] 56:23 button: 0 pressed: 0
[CHAR]  
[CHAR]  
[CHAR]  
[CHAR]  
[CHAR]  
[CHAR] d
[CHAR] w
[CHAR] a
[CHAR] a
[CHAR] w
[CHAR] d
[CHAR] a
[CHAR] w
ESCAPE SEQUENCE[<0;59;20M
MOUSE SEQUENCE
[MOUSE] 59:20 button: 0 pressed: 1
ESCAPE SEQUENCE[<0;59;20m
MOUSE SEQUENCE
[MOUSE] 59:20 button: 0 pressed: 0
ESCAPE SEQUENCE[<0;59;20M
MOUSE SEQUENCE
[MOUSE] 59:20 button: 0 pressed: 1
ESCAPE SEQUENCE[<0;59;20m
MOUSE SEQUENCE
[MOUSE] 59:20 button: 0 pressed: 0
ESCAPE SEQUENCE[<0;59;20M
MOUSE SEQUENCE
[MOUSE] 59:20 button: 0 pressed: 1
ESCAPE SEQUENCE[<0;59;20m
MOUSE SEQUENCE
[MOUSE] 59:20 button: 0 pressed: 0
ESCAPE SEQUENCE[<0;59;20M
MOUSE SEQUENCE
[MOUSE] 59:20 button: 0 pressed: 1
ESCAPE SEQUENCE[<0;59;20m
MOUSE SEQUENCE
[MOUSE] 59:20 button: 0 pressed: 0
ESCAPE SEQUENCE[<0;59;20M
MOUSE SEQUENCE
[MOUSE] 59:20 button: 0 pressed: 1
ESCAPE SEQUENCE[<0;59;20m
MOUSE SEQUENCE
[MOUSE] 59:20 button: 0 pressed: 0
ESCAPE SEQUENCE[<0;59;20M
MOUSE SEQUENCE
[MOUSE] 59:20 button: 0 pressed: 1
ESCAPE SEQUENCE[<0;59;20m
MOUSE SEQUENCE
[MOUSE] 59:20 button: 0 pressed: 0
ESCAPE SEQUENCE[<0;59;20M
MOUSE SEQUENCE
[MOUSE] 59:20 button: 0 pressed: 1
ESCAPE SEQUENCE[<0;59;20m
MOUSE SEQUENCE
[MOUSE] 59:20 button: 0 pressed: 0
ESCAPE SEQUENCE[<0;59;20M
MOUSE SEQUENCE
[MOUSE] 59:20 button: 0 pressed: 1
ESCAPE SEQUENCE[<0;59;20m
MOUSE SEQUENCE
[MOUSE] 59:20 button: 0 pressed: 0
ESCAPE SEQUENCE[<0;59;20M
MOUSE SEQUENCE
[MOUSE] 59:20 button: 0 pressed: 1
ESCAPE SEQUENCE[<0;59;20m
MOUSE SEQUENCE
[MOUSE] 59:20 button: 0 pressed: 0
ESCAPE SEQUENCE[<0;59;20M
MOUSE SEQUENCE
[MOUSE] 59:20 button: 0 pressed: 1
ESCAPE SEQUENCE[<0;59;20m
MOUSE SEQUENCE
[MOUSE] 59:20 button: 0 pressed: 0
[CHAR] q
[CHAR] d
[CHAR] w
[CHAR] d
[CHAR] w
[MOUSE] 31:16 button: 0 pressed: 1
[MOUSE] 31:16 button: 0 pressed: 0
[MOUSE] 31:15 button: 0 pressed: 1
[MOUSE] 31:15 button: 0 pressed: 0
[MOUSE] 31:15 button: 2 pressed: 1
[MOUSE] 31:15 button: 2 pressed: 0
[MOUSE] 31:15 button: 2 pressed: 1
[MOUSE] 31:15 button: 2 pressed: 0
[MOUSE] 31:14 button: 1 pressed: 1
[MOUSE] 31:14 button: 1 pressed: 1
[MOUSE] 15:19 button: 0 pressed: 1
[MOUSE] 15:19 button: 0 pressed: 0
[MOUSE] 15:19 button: 0 pressed: 1
[MOUSE] 15:19 button: 0 pressed: 0
[MOUSE] 15:19 button: 0 pressed: 1
[MOUSE] 15:19 button: 0 pressed: 0
[MOUSE] 15:19 button: 0 pressed: 1
[MOUSE] 15:19 button: 0 pressed: 0
[MOUSE] 15:19 button: 0 pressed: 1
[MOUSE] 15:19 button: 0 pressed: 0
[MOUSE] 15:19 button: 0 pressed: 1
[MOUSE] 15:19 button: 0 pressed: 0
sequence: s
[CHAR] s
sequence: s
[CHAR] s
sequence: [<0;33;15M
[MOUSE] 33:15 button: 0 pressed: 1
sequence: [<0;33;15m
[MOUSE] 33:15 button: 0 pressed: 0
sequence: [<0;33;15M
[MOUSE] 33:15 button: 0 pressed: 1
sequence: [<0;33;15m
[MOUSE] 33:15 button: 0 pressed: 0
sequence: 

sequence: 

sequence: 

sequence: 

sequence: q
[CHAR] q
sequence: q
[CHAR] q
sequence: q
[CHAR] q
sequence: q
[CHAR] q
sequence: [A
WE BALLIN OUT HEREEEEEEEEE
ESCAPE CHAR: [A
ESCAPE CHAR: [A
[SPEC] 1
sequence: [A
WE BALLIN OUT HEREEEEEEEEE
ESCAPE CHAR: [A
ESCAPE CHAR: [A
[SPEC] 1
sequence: [A
WE BALLIN OUT HEREEEEEEEEE
ESCAPE CHAR: [A
ESCAPE CHAR: [A
[SPEC] 1
sequence: 

sequence: 

sequence: 

sequence: [A
WE BALLIN OUT HEREEEEEEEEE
ESCAPE CHAR: [A
ESCAPE CHAR: [A
[SPEC] 1
sequence: 

sequence: 

sequence: [A
WE BALLIN OUT HEREEEEEEEEE
ESCAPE CHAR: [A
ESCAPE CHAR: [A
[SPEC] 1
sequence: [D
WE BALLIN OUT HEREEEEEEEEE
ESCAPE CHAR: [D
ESCAPE CHAR: [D
[SPEC] 3
sequence: [B
WE BALLIN OUT HEREEEEEEEEE
ESCAPE CHAR: [B
ESCAPE CHAR: [B
[SPEC] 2
sequence: [C
WE BALLIN OUT HEREEEEEEEEE
ESCAPE CHAR: [C
ESCAPE CHAR: [C
[SPEC] 4
sequence: [A
WE BALLIN OUT HEREEEEEEEEE
ESCAPE CHAR: [A
ESCAPE CHAR: [A
[SPEC] 1
sequence: [D
WE BALLIN OUT HEREEEEEEEEE
ESCAPE CHAR: [D
ESCAPE CHAR: [D
[SPEC] 3
sequence: [B
WE BALLIN OUT HEREEEEEEEEE
ESCAPE CHAR: [B
ESCAPE CHAR: [B
[SPEC] 2
sequence: [C
WE BALLIN OUT HEREEEEEEEEE
ESCAPE CHAR: [C
ESCAPE CHAR: [C
[SPEC] 4
sequence: [A
WE BALLIN OUT HEREEEEEEEEE
ESCAPE CHAR: [A
ESCAPE CHAR: [A
[SPEC] 1
sequence: [D
WE BALLIN OUT HEREEEEEEEEE
ESCAPE CHAR: [D
ESCAPE CHAR: [D
[SPEC] 3
sequence: [B
WE BALLIN OUT HEREEEEEEEEE
ESCAPE CHAR: [B
ESCAPE CHAR: [B
[SPEC] 2
sequence: [C
WE BALLIN OUT HEREEEEEEEEE
ESCAPE CHAR: [C
ESCAPE CHAR: [C
[SPEC] 4
sequence: [A
WE BALLIN OUT HEREEEEEEEEE
ESCAPE CHAR: [A
ESCAPE CHAR: [A
[SPEC] 1
sequence: [D
WE BALLIN OUT HEREEEEEEEEE
ESCAPE CHAR: [D
ESCAPE CHAR: [D
[SPEC] 3
sequence: [C
WE BALLIN OUT HEREEEEEEEEE
ESCAPE CHAR: [C
ESCAPE CHAR: [C
[SPEC] 4
sequence: [D
WE BALLIN OUT HEREEEEEEEEE
ESCAPE CHAR: [D
ESCAPE CHAR: [D
[SPEC] 3
sequence: [A
WE BALLIN OUT HEREEEEEEEEE
ESCAPE CHAR: [A
ESCAPE CHAR: [A
[SPEC] 1
sequence: [C
WE BALLIN OUT HEREEEEEEEEE
ESCAPE CHAR: [C
ESCAPE CHAR: [C
[SPEC] 4
sequence: [B
WE BALLIN OUT HEREEEEEEEEE
ESCAPE CHAR: [B
ESCAPE CHAR: [B
[SPEC] 2
sequence: 
sequence: 
sequence: OP
sequence: OQ
sequence: OQ
sequence: OP
sequence: OR
sequence: OS
sequence: [15~
WE BALLIN OUT HEREEEEEEEEE
ESCAPE CHAR: [15~
ESCAPE CHAR: [15~
[SPEC] 17
sequence: [17~
WE BALLIN OUT HEREEEEEEEEE
ESCAPE CHAR: [17~
ESCAPE CHAR: [17~
[SPEC] 18
sequence: [17~
WE BALLIN OUT HEREEEEEEEEE
ESCAPE CHAR: [17~
ESCAPE CHAR: [17~
[SPEC] 18
sequence: [15~
WE BALLIN OUT HEREEEEEEEEE
ESCAPE CHAR: [15~
ESCAPE CHAR: [15~
[SPEC] 17
sequence: [17~
WE BALLIN OUT HEREEEEEEEEE
ESCAPE CHAR: [17~
ESCAPE CHAR: [17~
[SPEC] 18
sequence: [15~
WE BALLIN OUT HEREEEEEEEEE
ESCAPE CHAR: [15~
ESCAPE CHAR: [15~
[SPEC] 17
sequence: [17~
WE BALLIN OUT HEREEEEEEEEE
ESCAPE CHAR: [17~
ESCAPE CHAR: [17~
[SPEC] 18
sequence: [15~
WE BALLIN OUT HEREEEEEEEEE
ESCAPE CHAR: [15~
ESCAPE CHAR: [15~
[SPEC] 17
[CHAR] ;
[CHAR] ;
[CHAR] p
[CHAR] o
[CHAR] i
[CHAR] u
[CHAR] i
[CHAR] h
[CHAR]  
[CHAR]  
[MOUSE] 47:19 button: 0 pressed: 1
[MOUSE] 47:19 button: 0 pressed: 0
[MOUSE] 24:10 button: 0 pressed: 1
[MOUSE] 24:10 button: 0 pressed: 0
[MOUSE] 8:4 button: 0 pressed: 1
[MOUSE] 8:4 button: 0 pressed: 0
[SPEC] 17
[SPEC] 18
[SPEC] 19
[SPEC] 20
[SPEC] 21
[SPEC] 22
[SPEC] 23
[SPEC] 24
[SPEC] 7
[SPEC] 7
[SPEC] 7
[SPEC] 7
[SPEC] 8
[SPEC] 5
[SPEC] 6
[SPEC] 1
[SPEC] 2
[SPEC] 1
[SPEC] 3
[SPEC] 4
[SPEC] 1
[SPEC] 3
[SPEC] 2
[SPEC] 4
[SPEC] 1
[SPEC] 2
[SPEC] 3
[SPEC] 4
[SPEC] 2
[SPEC] 1
[SPEC] 3
[SPEC] 2
[SPEC] 4
[SPEC] 1
[SPEC] 3
[CHAR] q
[CHAR] a
[CHAR] o
[CHAR] d
[CHAR] p
[CHAR] w
[CHAR] a
[CHAR] d
[CHAR] a
[CHAR] w
[CHAR] d
[CHAR] k
[CHAR] q
[CHAR] q
[CHAR] q
[CHAR] q
[CHAR] q
[CHAR] q
[CHAR] q
[CHAR] q
[CHAR] q
[CHAR] q
[CHAR] m
[CHAR] m
[CHAR] q
[SPEC] 4
[SPEC] 1
[SPEC] 3
[SPEC] 4
[SPEC] 1
[SPEC] 3
[CHAR] q
[CHAR] q
[CHAR] q
[CHAR] q
[SPEC] 3
[SPEC] 1
[SPEC] 4
[SPEC] 2
[SPEC] 3
[SPEC] 1
[SPEC] 4
[SPEC] 2
[CHAR]  
[CHAR]  
[SPEC] 1
[SPEC] 2
[SPEC] 1
[SPEC] 2
[SPEC] 1
[SPEC] 3
[SPEC] 1
[SPEC] 4
[SPEC] 2
[SPEC] 3
[SPEC] 1
[SPEC] 4
[SPEC] 2
[SPEC] 3
[SPEC] 1
[CHAR] <
[CHAR] <
[CHAR] <
[CHAR] <
[CHAR] <
[CHAR] +
[CHAR] +
[CHAR] +
[CHAR] +
[SPEC] 1
[SPEC] 4
[SPEC] 2
[SPEC] 3
[CHAR] /
[CHAR] /
[CHAR] /
[CHAR]  
[SPEC] 4
[SPEC] 1
[SPEC] 7
[SPEC] 3
[SPEC] 4
[SPEC] 8
[SPEC] 2
[SPEC] 10
[SPEC] 4
[CHAR] /
[CHAR] *
[CHAR] /
[SPEC] 8
[SPEC] 8
[SPEC] 5
[SPEC] 5
[SPEC] 5
[SPEC] 6
[SPEC] 6
[SPEC] 6
[SPEC] 7
[SPEC] 7
[SPEC] 7
[SPEC] 7
[SPEC] 8
[SPEC] 5
[SPEC] 6
[CHAR] =
[CHAR] (
[CHAR] -
[CHAR] +
[CHAR] +
[CHAR] +
[CHAR] q
[CHAR] q
[CHAR] q
[CHAR] d
[CHAR] d
[CHAR] d
[CHAR] d
[CHAR] w
[CHAR] w
[CHAR] w
[CHAR] 2
[CHAR] 2
[CHAR] 2
[SPEC] 11
[SPEC] 11
[SPEC] 11
[SPEC] 11
[SPEC] 11
[SPEC] 11
[SPEC] 27
[SPEC] 27
[SPEC] 27
[SPEC] 27
[SPEC] 27
[SPEC] 29
[SPEC] 29
[SPEC] 29
[SPEC] 29
[SPEC] 29
[SPEC] 27
[SPEC] 27
[SPEC] 27
[SPEC] 29
[SPEC] 29
[SPEC] 29
[SPEC] 29
[SPEC] 1
[SPEC] 4
[SPEC] 2
[SPEC] 3
[SPEC] 28
[SPEC] 28
[SPEC] 28
[SPEC] 28
[SPEC] 28
[CHAR] x
[CHAR] c
[CHAR] a
[CHAR] s
[CHAR] c
[CHAR] a
[CHAR] s
[CHAR] c
[SPEC] 9
[CHAR] *
[SPEC] 10
[SPEC] 4
[SPEC] 27
[SPEC] 27
[SPEC] 3
[SPEC] 4
[SPEC] 4
[SPEC] 8
[SPEC] 2
[SPEC] 10
[SPEC] 9
[SPEC] 1
[SPEC] 7
[SPEC] 25
[CHAR] q
